[debug] [2021-01-24T11:42:08.720Z] ----------------------------------------------------------------------
[debug] [2021-01-24T11:42:08.722Z] Command:       C:\Program Files\nodejs\node.exe C:\Users\Dell\AppData\Roaming\npm\node_modules\firebase-tools\lib\bin\firebase.js init
[debug] [2021-01-24T11:42:08.722Z] CLI Version:   9.2.2
[debug] [2021-01-24T11:42:08.722Z] Platform:      win32
[debug] [2021-01-24T11:42:08.723Z] Node Version:  v14.10.1
[debug] [2021-01-24T11:42:08.723Z] Time:          Sun Jan 24 2021 17:27:08 GMT+0545 (Nepal Time)
[debug] [2021-01-24T11:42:08.724Z] ----------------------------------------------------------------------
[debug] [2021-01-24T11:42:08.724Z] 
[debug] [2021-01-24T11:42:08.729Z] > command requires scopes: ["email","openid","https://www.googleapis.com/auth/cloudplatformprojects.readonly","https://www.googleapis.com/auth/firebase","https://www.googleapis.com/auth/cloud-platform"]
[debug] [2021-01-24T11:42:08.729Z] > authorizing via signed-in user
[info] 
     ######## #### ########  ######## ########     ###     ######  ########
     ##        ##  ##     ## ##       ##     ##  ##   ##  ##       ##
     ######    ##  ########  ######   ########  #########  ######  ######
     ##        ##  ##    ##  ##       ##     ## ##     ##       ## ##
     ##       #### ##     ## ######## ########  ##     ##  ######  ########

You're about to initialize a Firebase project in this directory:

  C:\Users\Dell\Desktop\onGoing\React__Projects\burger-builder

Before we get started, keep in mind:

  * You are initializing in an existing Firebase project directory

[info] 
=== Project Setup
[info] 
[info] First, let's associate this project directory with a Firebase project.
[info] You can create multiple project aliases by running firebase use --add, 
[info] but for now we'll just set up a default project.
[info] 
[info] i  .firebaserc already has a default project, using burger-builder-38272. 
[debug] [2021-01-24T11:42:24.317Z] > refreshing access token with scopes: []
[debug] [2021-01-24T11:42:24.317Z] >>> HTTP REQUEST POST https://www.googleapis.com/oauth2/v3/token  
 <request body omitted>
[debug] [2021-01-24T11:42:24.629Z] <<< HTTP RESPONSE 200 {"date":"Sun, 24 Jan 2021 11:42:23 GMT","cache-control":"no-cache, no-store, max-age=0, must-revalidate","pragma":"no-cache","expires":"Mon, 01 Jan 1990 00:00:00 GMT","content-type":"application/json; charset=utf-8","vary":"X-Origin, Referer, Origin,Accept-Encoding","server":"scaffolding on HTTPServer2","x-xss-protection":"0","x-frame-options":"SAMEORIGIN","x-content-type-options":"nosniff","alt-svc":"h3-29=\":443\"; ma=2592000,h3-T051=\":443\"; ma=2592000,h3-Q050=\":443\"; ma=2592000,h3-Q046=\":443\"; ma=2592000,h3-Q043=\":443\"; ma=2592000,quic=\":443\"; ma=2592000; v=\"46,43\"","accept-ranges":"none","transfer-encoding":"chunked"}
[debug] [2021-01-24T11:42:24.638Z] >>> [apiv2][query] GET https://firebase.googleapis.com/v1beta1/projects/burger-builder-38272 [none]
[debug] [2021-01-24T11:42:25.144Z] <<< [apiv2][status] GET https://firebase.googleapis.com/v1beta1/projects/burger-builder-38272 200
[debug] [2021-01-24T11:42:25.144Z] <<< [apiv2][body] GET https://firebase.googleapis.com/v1beta1/projects/burger-builder-38272 {"projectId":"burger-builder-38272","projectNumber":"391435407207","displayName":"Burger-Builder","name":"projects/burger-builder-38272","resources":{"hostingSite":"burger-builder-38272","realtimeDatabaseInstance":"burger-builder-38272-default-rtdb"},"state":"ACTIVE"}
[info] 
=== Hosting Setup
[info] 
[info] Your public directory is the folder (relative to your project directory) that
[info] will contain Hosting assets to be uploaded with firebase deploy. If you
[info] have a build process for your assets, use your build's output directory.
[info] 
